#! /usr/bin/vvp
:ivl_version "0.9.7 " "(v0_9_7)";
:vpi_time_precision - 9;
:vpi_module "system";
:vpi_module "v2005_math";
:vpi_module "va_math";
S_0x25babc0 .scope module, "txchar_tb" "txchar_tb" 2 15;
 .timescale -7 -9;
P_0x25c9c68 .param/l "BAUDRATE" 2 18, +C4<01101000>;
P_0x25c9c90 .param/l "SERIAL_CAR" 2 21, +C4<010000010000>;
v0x25e79f0_0 .var "clk", 0 0;
v0x25e7a70_0 .var "rstn", 0 0;
v0x25e7af0_0 .net "tx", 0 0, v0x25e76e0_0; 1 drivers
S_0x25b5df0 .scope module, "dut" "txchar" 2 33, 3 16, S_0x25babc0;
 .timescale -7 -9;
v0x25e7800_0 .net "clk", 0 0, v0x25e79f0_0; 1 drivers
v0x25e78a0_0 .net "rstn", 0 0, v0x25e7a70_0; 1 drivers
v0x25e7970_0 .alias "tx", 0 0, v0x25e7af0_0;
S_0x25bbe00 .scope module, "TX0" "uart_tx" 3 26, 4 22, S_0x25b5df0;
 .timescale -7 -9;
P_0x25b8b08 .param/l "BAUDRATE" 4 23, +C4<01101000>;
P_0x25b8b30 .param/l "IDLE" 4 110, +C4<0>;
P_0x25b8b58 .param/l "START" 4 111, +C4<01>;
P_0x25b8b80 .param/l "TRANS" 4 112, +C4<010>;
v0x25e6e60_0 .var "baud_en", 0 0;
v0x25e6f00_0 .var "bitc", 3 0;
v0x25e6f80_0 .alias "clk", 0 0, v0x25e7800_0;
v0x25e7030_0 .net "clk_baud", 0 0, L_0x25e7ef0; 1 drivers
v0x25e7110_0 .net "data", 7 0, C4<01000001>; 1 drivers
v0x25e7190_0 .var "data_r", 7 0;
v0x25e7210_0 .var "load", 0 0;
v0x25e7290_0 .var "next_state", 1 0;
v0x25e7330_0 .var "ready", 0 0;
v0x25e73d0_0 .alias "rstn", 0 0, v0x25e78a0_0;
v0x25e74b0_0 .var "shifter", 9 0;
v0x25e7530_0 .net "start", 0 0, C4<1>; 1 drivers
v0x25e7640_0 .var "state", 1 0;
v0x25e76e0_0 .var "tx", 0 0;
E_0x25b6bc0 .event edge, v0x25e7640_0, v0x25e7530_0, v0x25e6f00_0;
S_0x25cf2d0 .scope module, "BAUD0" "baudgen_tx" 4 98, 5 30, S_0x25bbe00;
 .timescale -7 -9;
P_0x25b6e18 .param/l "BAUDRATE" 5 31, +C4<01101000>;
P_0x25b6e40 .param/l "N" 5 40, +C4<00000000000000000000000000000111>;
v0x25c9790_0 .net *"_s0", 7 0, L_0x25e7bc0; 1 drivers
v0x25e67c0_0 .net *"_s3", 0 0, C4<0>; 1 drivers
v0x25e6860_0 .net *"_s4", 7 0, C4<00000000>; 1 drivers
v0x25e6900_0 .net *"_s6", 0 0, L_0x25e7d40; 1 drivers
v0x25e69b0_0 .net *"_s8", 0 0, C4<0>; 1 drivers
v0x25e6a50_0 .alias "clk", 0 0, v0x25e7800_0;
v0x25e6b30_0 .net "clk_ena", 0 0, v0x25e6e60_0; 1 drivers
v0x25e6bd0_0 .alias "clk_out", 0 0, v0x25e7030_0;
v0x25e6cc0_0 .var "divcounter", 6 0;
v0x25e6d60_0 .alias "rstn", 0 0, v0x25e78a0_0;
E_0x25b8c30 .event posedge, v0x25e6a50_0;
L_0x25e7bc0 .concat [ 7 1 0 0], v0x25e6cc0_0, C4<0>;
L_0x25e7d40 .cmp/eq 8, L_0x25e7bc0, C4<00000000>;
L_0x25e7ef0 .functor MUXZ 1, C4<0>, v0x25e6e60_0, L_0x25e7d40, C4<>;
    .scope S_0x25cf2d0;
T_0 ;
    %set/v v0x25e6cc0_0, 0, 7;
    %end;
    .thread T_0;
    .scope S_0x25cf2d0;
T_1 ;
    %wait E_0x25b8c30;
    %load/v 8, v0x25e6d60_0, 1;
    %inv 8, 1;
    %jmp/0xz  T_1.0, 8;
    %ix/load 0, 7, 0;
    %assign/v0 v0x25e6cc0_0, 0, 0;
    %jmp T_1.1;
T_1.0 ;
    %load/v 8, v0x25e6b30_0, 1;
    %jmp/0xz  T_1.2, 8;
    %load/v 8, v0x25e6cc0_0, 7;
    %mov 15, 0, 3;
    %cmpi/u 8, 103, 10;
    %mov 8, 4, 1;
    %jmp/0  T_1.4, 8;
    %mov 9, 0, 32;
    %jmp/1  T_1.6, 8;
T_1.4 ; End of true expr.
    %load/v 41, v0x25e6cc0_0, 7;
    %mov 48, 0, 25;
    %addi 41, 1, 32;
    %jmp/0  T_1.5, 8;
 ; End of false expr.
    %blend  9, 41, 32; Condition unknown.
    %jmp  T_1.6;
T_1.5 ;
    %mov 9, 41, 32; Return false value
T_1.6 ;
    %ix/load 0, 7, 0;
    %assign/v0 v0x25e6cc0_0, 0, 9;
    %jmp T_1.3;
T_1.2 ;
    %movi 8, 103, 8;
    %ix/load 0, 7, 0;
    %assign/v0 v0x25e6cc0_0, 0, 8;
T_1.3 ;
T_1.1 ;
    %jmp T_1;
    .thread T_1;
    .scope S_0x25bbe00;
T_2 ;
    %wait E_0x25b8c30;
    %load/v 8, v0x25e7530_0, 1;
    %mov 9, 0, 2;
    %cmpi/u 8, 1, 3;
    %mov 8, 4, 1;
    %load/v 9, v0x25e7640_0, 2;
    %mov 11, 0, 1;
    %cmpi/u 9, 0, 3;
    %mov 9, 4, 1;
    %and 8, 9, 1;
    %jmp/0xz  T_2.0, 8;
    %load/v 8, v0x25e7110_0, 8;
    %ix/load 0, 8, 0;
    %assign/v0 v0x25e7190_0, 0, 8;
T_2.0 ;
    %jmp T_2;
    .thread T_2;
    .scope S_0x25bbe00;
T_3 ;
    %wait E_0x25b8c30;
    %load/v 8, v0x25e73d0_0, 1;
    %mov 9, 0, 1;
    %cmpi/u 8, 0, 2;
    %jmp/0xz  T_3.0, 4;
    %ix/load 0, 10, 0;
    %assign/v0 v0x25e74b0_0, 0, 1;
    %jmp T_3.1;
T_3.0 ;
    %load/v 8, v0x25e7210_0, 1;
    %mov 9, 0, 2;
    %cmpi/u 8, 1, 3;
    %jmp/0xz  T_3.2, 4;
    %movi 18, 1, 2;
    %mov 8, 18, 2;
    %load/v 10, v0x25e7190_0, 8;
    %ix/load 0, 10, 0;
    %assign/v0 v0x25e74b0_0, 0, 8;
    %jmp T_3.3;
T_3.2 ;
    %load/v 8, v0x25e7210_0, 1;
    %mov 9, 0, 1;
    %cmpi/u 8, 0, 2;
    %mov 8, 4, 1;
    %load/v 9, v0x25e7030_0, 1;
    %mov 10, 0, 2;
    %cmpi/u 9, 1, 3;
    %mov 9, 4, 1;
    %and 8, 9, 1;
    %jmp/0xz  T_3.4, 8;
    %ix/load 1, 1, 0;
    %mov 4, 0, 1;
    %jmp/1 T_3.6, 4;
    %load/x1p 18, v0x25e74b0_0, 9;
    %jmp T_3.7;
T_3.6 ;
    %mov 18, 2, 9;
T_3.7 ;
    %mov 8, 18, 9; Move signal select into place
    %mov 17, 1, 1;
    %ix/load 0, 10, 0;
    %assign/v0 v0x25e74b0_0, 0, 8;
T_3.4 ;
T_3.3 ;
T_3.1 ;
    %jmp T_3;
    .thread T_3;
    .scope S_0x25bbe00;
T_4 ;
    %wait E_0x25b8c30;
    %load/v 8, v0x25e73d0_0, 1;
    %inv 8, 1;
    %jmp/0xz  T_4.0, 8;
    %ix/load 0, 4, 0;
    %assign/v0 v0x25e6f00_0, 0, 0;
    %jmp T_4.1;
T_4.0 ;
    %load/v 8, v0x25e7210_0, 1;
    %mov 9, 0, 2;
    %cmpi/u 8, 1, 3;
    %jmp/0xz  T_4.2, 4;
    %ix/load 0, 4, 0;
    %assign/v0 v0x25e6f00_0, 0, 0;
    %jmp T_4.3;
T_4.2 ;
    %load/v 8, v0x25e7210_0, 1;
    %mov 9, 0, 1;
    %cmpi/u 8, 0, 2;
    %mov 8, 4, 1;
    %load/v 9, v0x25e7030_0, 1;
    %mov 10, 0, 2;
    %cmpi/u 9, 1, 3;
    %mov 9, 4, 1;
    %and 8, 9, 1;
    %jmp/0xz  T_4.4, 8;
    %load/v 8, v0x25e6f00_0, 4;
    %mov 12, 0, 28;
    %addi 8, 1, 32;
    %ix/load 0, 4, 0;
    %assign/v0 v0x25e6f00_0, 0, 8;
T_4.4 ;
T_4.3 ;
T_4.1 ;
    %jmp T_4;
    .thread T_4;
    .scope S_0x25bbe00;
T_5 ;
    %wait E_0x25b8c30;
    %load/v 8, v0x25e74b0_0, 1; Only need 1 of 10 bits
; Save base=8 wid=1 in lookaside.
    %ix/load 0, 1, 0;
    %assign/v0 v0x25e76e0_0, 0, 8;
    %jmp T_5;
    .thread T_5;
    .scope S_0x25bbe00;
T_6 ;
    %wait E_0x25b8c30;
    %load/v 8, v0x25e73d0_0, 1;
    %inv 8, 1;
    %jmp/0xz  T_6.0, 8;
    %ix/load 0, 2, 0;
    %assign/v0 v0x25e7640_0, 0, 0;
    %jmp T_6.1;
T_6.0 ;
    %load/v 8, v0x25e7290_0, 2;
    %ix/load 0, 2, 0;
    %assign/v0 v0x25e7640_0, 0, 8;
T_6.1 ;
    %jmp T_6;
    .thread T_6;
    .scope S_0x25bbe00;
T_7 ;
    %wait E_0x25b6bc0;
    %load/v 8, v0x25e7640_0, 2;
    %set/v v0x25e7290_0, 8, 2;
    %set/v v0x25e7210_0, 0, 1;
    %set/v v0x25e6e60_0, 0, 1;
    %set/v v0x25e7330_0, 0, 1;
    %load/v 8, v0x25e7640_0, 2;
    %cmpi/u 8, 0, 2;
    %jmp/1 T_7.0, 6;
    %cmpi/u 8, 1, 2;
    %jmp/1 T_7.1, 6;
    %cmpi/u 8, 2, 2;
    %jmp/1 T_7.2, 6;
    %jmp T_7.3;
T_7.0 ;
    %set/v v0x25e7330_0, 1, 1;
    %load/v 8, v0x25e7530_0, 1;
    %mov 9, 0, 2;
    %cmpi/u 8, 1, 3;
    %jmp/0xz  T_7.4, 4;
    %movi 8, 1, 2;
    %set/v v0x25e7290_0, 8, 2;
T_7.4 ;
    %jmp T_7.3;
T_7.1 ;
    %set/v v0x25e7210_0, 1, 1;
    %set/v v0x25e6e60_0, 1, 1;
    %movi 8, 2, 3;
    %set/v v0x25e7290_0, 8, 2;
    %jmp T_7.3;
T_7.2 ;
    %set/v v0x25e6e60_0, 1, 1;
    %load/v 8, v0x25e6f00_0, 4;
    %mov 12, 0, 2;
    %cmpi/u 8, 11, 6;
    %jmp/0xz  T_7.6, 4;
    %ix/load 0, 2, 0;
    %assign/v0 v0x25e7290_0, 0, 0;
T_7.6 ;
    %jmp T_7.3;
T_7.3 ;
    %jmp T_7;
    .thread T_7, $push;
    .scope S_0x25babc0;
T_8 ;
    %set/v v0x25e79f0_0, 0, 1;
    %end;
    .thread T_8;
    .scope S_0x25babc0;
T_9 ;
    %set/v v0x25e7a70_0, 0, 1;
    %end;
    .thread T_9;
    .scope S_0x25babc0;
T_10 ;
    %delay 50, 0;
    %load/v 8, v0x25e79f0_0, 1;
    %inv 8, 1;
    %ix/load 0, 1, 0;
    %assign/v0 v0x25e79f0_0, 0, 8;
    %jmp T_10;
    .thread T_10;
    .scope S_0x25babc0;
T_11 ;
    %vpi_call 2 47 "$dumpfile", "examples/txchar_tb.vcd";
    %vpi_call 2 48 "$dumpvars", 1'sb0, S_0x25babc0;
    %delay 100, 0;
    %ix/load 0, 1, 0;
    %assign/v0 v0x25e7a70_0, 0, 0;
    %delay 500, 0;
    %ix/load 0, 1, 0;
    %assign/v0 v0x25e7a70_0, 0, 1;
    %delay 312000, 0;
    %vpi_call 2 57 "$display", "FIN de la simulacion";
    %vpi_call 2 58 "$finish";
    %end;
    .thread T_11;
# The file index is used to find the file name in the following table.
:file_names 6;
    "N/A";
    "<interactive>";
    "examples/txchar_tb.v";
    "examples/txchar.v";
    "uart_tx.v";
    "baudgen_tx.v";
